1748028190.043462 client started (26049): version 3.5a, socket /private/tmp/tmux-501/default, protocol 8
1748028190.043598 on Darwin 24.3.0 Darwin Kernel Version 24.3.0: Thu Jan  2 20:24:23 PST 2025; root:xnu-11215.81.4~3/RELEASE_ARM64_T6020
1748028190.043619 using libevent 2.1.12-stable select
1748028190.043895 using utf8proc 2.10.0
1748028190.043924 using ncurses 6.5 20240427
1748028190.043976 flags are 0x10010000
1748028190.043997 socket is /private/tmp/tmux-501/default
1748028190.044024 trying connect
1748028190.044128 add peer 0x148008000: 6 (0x0)
1748028190.048160 sending message 111 to peer 0x148008000 (8 bytes)
1748028190.048190 sending message 111 to peer 0x148008000 (8 bytes)
1748028190.048203 sending message 101 to peer 0x148008000 (16 bytes)
1748028190.048214 sending message 109 to peer 0x148008000 (4 bytes)
1748028190.048225 sending message 102 to peer 0x148008000 (13 bytes)
1748028190.048236 sending message 108 to peer 0x148008000 (35 bytes)
1748028190.048246 sending message 112 to peer 0x148008000 (70 bytes)
1748028190.048255 sending message 112 to peer 0x148008000 (5 bytes)
1748028190.048264 sending message 112 to peer 0x148008000 (5 bytes)
1748028190.048274 sending message 112 to peer 0x148008000 (6 bytes)
1748028190.048283 sending message 112 to peer 0x148008000 (6 bytes)
1748028190.048292 sending message 112 to peer 0x148008000 (11 bytes)
1748028190.048301 sending message 112 to peer 0x148008000 (10 bytes)
1748028190.048310 sending message 112 to peer 0x148008000 (13 bytes)
1748028190.048319 sending message 112 to peer 0x148008000 (13 bytes)
1748028190.048329 sending message 112 to peer 0x148008000 (18 bytes)
1748028190.048338 sending message 112 to peer 0x148008000 (11 bytes)
1748028190.048347 sending message 112 to peer 0x148008000 (21 bytes)
1748028190.048356 sending message 112 to peer 0x148008000 (13 bytes)
1748028190.048365 sending message 112 to peer 0x148008000 (7 bytes)
1748028190.048374 sending message 112 to peer 0x148008000 (13 bytes)
1748028190.048383 sending message 112 to peer 0x148008000 (7 bytes)
1748028190.048392 sending message 112 to peer 0x148008000 (13 bytes)
1748028190.048401 sending message 112 to peer 0x148008000 (9 bytes)
1748028190.048411 sending message 112 to peer 0x148008000 (21 bytes)
1748028190.048420 sending message 112 to peer 0x148008000 (13 bytes)
1748028190.048430 sending message 112 to peer 0x148008000 (8 bytes)
1748028190.048439 sending message 112 to peer 0x148008000 (12 bytes)
1748028190.048448 sending message 112 to peer 0x148008000 (13 bytes)
1748028190.048458 sending message 112 to peer 0x148008000 (9 bytes)
1748028190.048467 sending message 112 to peer 0x148008000 (9 bytes)
1748028190.048476 sending message 112 to peer 0x148008000 (12 bytes)
1748028190.048486 sending message 112 to peer 0x148008000 (8 bytes)
1748028190.048496 sending message 112 to peer 0x148008000 (7 bytes)
1748028190.048505 sending message 112 to peer 0x148008000 (7 bytes)
1748028190.048514 sending message 112 to peer 0x148008000 (9 bytes)
1748028190.048524 sending message 112 to peer 0x148008000 (13 bytes)
1748028190.048533 sending message 112 to peer 0x148008000 (9 bytes)
1748028190.048542 sending message 112 to peer 0x148008000 (13 bytes)
1748028190.048552 sending message 112 to peer 0x148008000 (12 bytes)
1748028190.048561 sending message 112 to peer 0x148008000 (8 bytes)
1748028190.048571 sending message 112 to peer 0x148008000 (9 bytes)
1748028190.048580 sending message 112 to peer 0x148008000 (10 bytes)
1748028190.048589 sending message 112 to peer 0x148008000 (10 bytes)
1748028190.048598 sending message 112 to peer 0x148008000 (10 bytes)
1748028190.048608 sending message 112 to peer 0x148008000 (10 bytes)
1748028190.048617 sending message 112 to peer 0x148008000 (11 bytes)
1748028190.048627 sending message 112 to peer 0x148008000 (10 bytes)
1748028190.048637 sending message 112 to peer 0x148008000 (8 bytes)
1748028190.048646 sending message 112 to peer 0x148008000 (11 bytes)
1748028190.048655 sending message 112 to peer 0x148008000 (11 bytes)
1748028190.048664 sending message 112 to peer 0x148008000 (11 bytes)
1748028190.048693 sending message 112 to peer 0x148008000 (8 bytes)
1748028190.048701 sending message 112 to peer 0x148008000 (8 bytes)
1748028190.048707 sending message 112 to peer 0x148008000 (8 bytes)
1748028190.048714 sending message 112 to peer 0x148008000 (10 bytes)
1748028190.048720 sending message 112 to peer 0x148008000 (10 bytes)
1748028190.048727 sending message 112 to peer 0x148008000 (10 bytes)
1748028190.048733 sending message 112 to peer 0x148008000 (10 bytes)
1748028190.048740 sending message 112 to peer 0x148008000 (10 bytes)
1748028190.048747 sending message 112 to peer 0x148008000 (11 bytes)
1748028190.048754 sending message 112 to peer 0x148008000 (11 bytes)
1748028190.048760 sending message 112 to peer 0x148008000 (10 bytes)
1748028190.048767 sending message 112 to peer 0x148008000 (9 bytes)
1748028190.048773 sending message 112 to peer 0x148008000 (9 bytes)
1748028190.048780 sending message 112 to peer 0x148008000 (12 bytes)
1748028190.048786 sending message 112 to peer 0x148008000 (9 bytes)
1748028190.048793 sending message 112 to peer 0x148008000 (6 bytes)
1748028190.048799 sending message 112 to peer 0x148008000 (8 bytes)
1748028190.048806 sending message 112 to peer 0x148008000 (15 bytes)
1748028190.048813 sending message 112 to peer 0x148008000 (13 bytes)
1748028190.048820 sending message 112 to peer 0x148008000 (70 bytes)
1748028190.048826 sending message 112 to peer 0x148008000 (69 bytes)
1748028190.048832 sending message 112 to peer 0x148008000 (10 bytes)
1748028190.048839 sending message 112 to peer 0x148008000 (8 bytes)
1748028190.048845 sending message 112 to peer 0x148008000 (15 bytes)
1748028190.048852 sending message 112 to peer 0x148008000 (13 bytes)
1748028190.048858 sending message 112 to peer 0x148008000 (10 bytes)
1748028190.048865 sending message 112 to peer 0x148008000 (10 bytes)
1748028190.048871 sending message 112 to peer 0x148008000 (5 bytes)
1748028190.048877 sending message 112 to peer 0x148008000 (5 bytes)
1748028190.048887 sending message 104 to peer 0x148008000 (0 bytes)
1748028190.048895 sending message 110 to peer 0x148008000 (0 bytes)
1748028190.048902 sending message 107 to peer 0x148008000 (4 bytes)
1748028190.048909 sending message 105 to peer 0x148008000 (127 bytes)
1748028190.048916 sending message 105 to peer 0x148008000 (40 bytes)
1748028190.048922 sending message 105 to peer 0x148008000 (39 bytes)
1748028190.048929 sending message 105 to peer 0x148008000 (34 bytes)
1748028190.048935 sending message 105 to peer 0x148008000 (63 bytes)
1748028190.048942 sending message 105 to peer 0x148008000 (55 bytes)
1748028190.048948 sending message 105 to peer 0x148008000 (60 bytes)
1748028190.048954 sending message 105 to peer 0x148008000 (84 bytes)
1748028190.048960 sending message 105 to peer 0x148008000 (14 bytes)
1748028190.048967 sending message 105 to peer 0x148008000 (20 bytes)
1748028190.048973 sending message 105 to peer 0x148008000 (22 bytes)
1748028190.048979 sending message 105 to peer 0x148008000 (51 bytes)
1748028190.048986 sending message 105 to peer 0x148008000 (20 bytes)
1748028190.048992 sending message 105 to peer 0x148008000 (21 bytes)
1748028190.048999 sending message 105 to peer 0x148008000 (21 bytes)
1748028190.049005 sending message 105 to peer 0x148008000 (37 bytes)
1748028190.049011 sending message 105 to peer 0x148008000 (30 bytes)
1748028190.049018 sending message 105 to peer 0x148008000 (34 bytes)
1748028190.049024 sending message 105 to peer 0x148008000 (60 bytes)
1748028190.049030 sending message 105 to peer 0x148008000 (22 bytes)
1748028190.049037 sending message 105 to peer 0x148008000 (61 bytes)
1748028190.049043 sending message 105 to peer 0x148008000 (17 bytes)
1748028190.049050 sending message 105 to peer 0x148008000 (19 bytes)
1748028190.049056 sending message 105 to peer 0x148008000 (27 bytes)
1748028190.049062 sending message 105 to peer 0x148008000 (46 bytes)
1748028190.049069 sending message 105 to peer 0x148008000 (8 bytes)
1748028190.049075 sending message 105 to peer 0x148008000 (17 bytes)
1748028190.049081 sending message 105 to peer 0x148008000 (32 bytes)
1748028190.049101 sending message 105 to peer 0x148008000 (96 bytes)
1748028190.049108 sending message 105 to peer 0x148008000 (14 bytes)
1748028190.049114 sending message 105 to peer 0x148008000 (56 bytes)
1748028190.049121 sending message 105 to peer 0x148008000 (51 bytes)
1748028190.049127 sending message 105 to peer 0x148008000 (56 bytes)
1748028190.049135 sending message 105 to peer 0x148008000 (16 bytes)
1748028190.049141 sending message 105 to peer 0x148008000 (29 bytes)
1748028190.049147 sending message 105 to peer 0x148008000 (65 bytes)
1748028190.049153 sending message 105 to peer 0x148008000 (40 bytes)
1748028190.049160 sending message 105 to peer 0x148008000 (42 bytes)
1748028190.049165 sending message 105 to peer 0x148008000 (11 bytes)
1748028190.049172 sending message 105 to peer 0x148008000 (1315 bytes)
1748028190.049179 sending message 105 to peer 0x148008000 (55 bytes)
1748028190.049186 sending message 105 to peer 0x148008000 (39 bytes)
1748028190.049192 sending message 105 to peer 0x148008000 (45 bytes)
1748028190.049198 sending message 105 to peer 0x148008000 (38 bytes)
1748028190.049204 sending message 105 to peer 0x148008000 (39 bytes)
1748028190.049210 sending message 105 to peer 0x148008000 (34 bytes)
1748028190.049216 sending message 105 to peer 0x148008000 (16 bytes)
1748028190.049222 sending message 105 to peer 0x148008000 (210 bytes)
1748028190.049229 sending message 105 to peer 0x148008000 (15 bytes)
1748028190.049235 sending message 105 to peer 0x148008000 (8 bytes)
1748028190.049241 sending message 105 to peer 0x148008000 (66 bytes)
1748028190.049248 sending message 105 to peer 0x148008000 (21 bytes)
1748028190.049254 sending message 105 to peer 0x148008000 (86 bytes)
1748028190.049260 sending message 105 to peer 0x148008000 (44 bytes)
1748028190.049267 sending message 105 to peer 0x148008000 (18 bytes)
1748028190.049273 sending message 105 to peer 0x148008000 (26 bytes)
1748028190.049279 sending message 105 to peer 0x148008000 (60 bytes)
1748028190.049285 sending message 105 to peer 0x148008000 (57 bytes)
1748028190.049291 sending message 105 to peer 0x148008000 (42 bytes)
1748028190.049297 sending message 105 to peer 0x148008000 (13 bytes)
1748028190.049303 sending message 105 to peer 0x148008000 (63 bytes)
1748028190.049309 sending message 105 to peer 0x148008000 (14 bytes)
1748028190.049315 sending message 105 to peer 0x148008000 (14 bytes)
1748028190.049321 sending message 105 to peer 0x148008000 (19 bytes)
1748028190.049327 sending message 105 to peer 0x148008000 (31 bytes)
1748028190.049334 sending message 105 to peer 0x148008000 (43 bytes)
1748028190.049340 sending message 105 to peer 0x148008000 (32 bytes)
1748028190.049346 sending message 105 to peer 0x148008000 (25 bytes)
1748028190.049352 sending message 106 to peer 0x148008000 (0 bytes)
1748028190.049444 sending message 200 to peer 0x148008000 (4 bytes)
1748028190.049455 client loop enter
1748028190.052731 peer 0x148008000 message 303
1748028190.052750 open write file 2 -
1748028190.052769 sending message 305 to peer 0x148008000 (8 bytes)
1748028190.052793 write check file 2
1748028190.052824 peer 0x148008000 message 304
1748028190.052831 write 58 to file 2
1748028190.052838 peer 0x148008000 message 203
1748028190.052845 file 2 58 bytes left
1748028190.052859 write check file 2
1748028190.052866 client loop exit
